
    ##### SNP annotator ####
  
    SNP list as PLINK output (-plink) or SNP-named VCF (-vcf) as INPUT  
    GFF3 file (-gff) and Genome fasta file (-ref)
    are mendotory inputs for this program

    This runs with -input      snp_info.txt
                   -ref        TAIR9_chr_all.fa
                   -gff        TAIR9_GFF3_genes.gff
                   -out        snp_info.annt.tsv
                   -t          50
                   -vcf_mode   False 
                   -snp_mode   True

    
STEP1; Parsing GFF data, done: Fri Aug  5 18:09:53 2022
STEP1; GFF 7 CHRs parsed like below ....
Chr1	Chr2	Chr3	Chr4	Chr5	ChrC
STEP2; Loading genome data, done: Fri Aug  5 18:09:53 2022
STEP2; GENOME 7 CHRs parsed like below ....
Chr1	Chr2	Chr3	Chr4	Chr5	ChrC
STEP3; Load PLINK|VCF input file, parse for 50 CPU(s) usage
STEP3; Turn on the custom SNP-list reading mode
STEP3; parsing PLINK|VCF input file, 213925 SNPs, done: Fri Aug  5 18:10:00 2022
STEP3; VCF 5 CHRs parsed like below ...
Chr1	Chr2	Chr3	Chr4	Chr5
[Error!] codon indexing result is fault!
AGG G != C
Process Process-17:
Traceback (most recent call last):
  File "/home/junesk9/anaconda3/lib/python3.8/multiprocessing/process.py", line 315, in _bootstrap
    self.run()
  File "/home/junesk9/anaconda3/lib/python3.8/multiprocessing/process.py", line 108, in run
    self._target(*self._args, **self._kwargs)
  File "v4_PLINK-snp_annotator.py", line 301, in annt_SNP
    print(ref_seq, ref_seq[codon_loci-1], "!=" ,ref.upper())
AttributeError: 'str' object has no attribute 'close'
STEP4; Annotating SNP, started: Fri Aug  5 18:10:03 2022
STEP4; Annotating SNP, 2/50 jobs done: Fri Aug  5 18:28:47 2022
STEP4; Annotating SNP, 3/50 jobs done: Fri Aug  5 18:28:47 2022
STEP4; Annotating SNP, 4/50 jobs done: Fri Aug  5 18:28:47 2022
STEP4; Annotating SNP, 5/50 jobs done: Fri Aug  5 18:28:47 2022
STEP4; Annotating SNP, 6/50 jobs done: Fri Aug  5 18:28:47 2022
STEP4; Annotating SNP, 7/50 jobs done: Fri Aug  5 18:28:47 2022
STEP4; Annotating SNP, 8/50 jobs done: Fri Aug  5 18:28:47 2022
STEP4; Annotating SNP, 9/50 jobs done: Fri Aug  5 18:28:47 2022
STEP4; Annotating SNP, 10/50 jobs done: Fri Aug  5 18:28:47 2022
STEP4; Annotating SNP, 11/50 jobs done: Fri Aug  5 18:28:47 2022
STEP4; Annotating SNP, 12/50 jobs done: Fri Aug  5 18:28:47 2022
STEP4; Annotating SNP, 13/50 jobs done: Fri Aug  5 18:28:47 2022
STEP4; Annotating SNP, 14/50 jobs done: Fri Aug  5 18:28:52 2022
STEP4; Annotating SNP, 15/50 jobs done: Fri Aug  5 18:28:52 2022
STEP4; Annotating SNP, 16/50 jobs done: Fri Aug  5 18:28:52 2022
STEP4; Annotating SNP, 17/50 jobs done: Fri Aug  5 18:28:52 2022
STEP4; Annotating SNP, 18/50 jobs done: Fri Aug  5 18:28:52 2022
STEP4; Annotating SNP, 19/50 jobs done: Fri Aug  5 18:30:21 2022
STEP4; Annotating SNP, 20/50 jobs done: Fri Aug  5 18:30:21 2022
STEP4; Annotating SNP, 21/50 jobs done: Fri Aug  5 18:30:21 2022
STEP4; Annotating SNP, 22/50 jobs done: Fri Aug  5 18:30:21 2022
STEP4; Annotating SNP, 23/50 jobs done: Fri Aug  5 18:31:06 2022
STEP4; Annotating SNP, 24/50 jobs done: Fri Aug  5 18:31:06 2022
STEP4; Annotating SNP, 25/50 jobs done: Fri Aug  5 18:31:06 2022
STEP4; Annotating SNP, 26/50 jobs done: Fri Aug  5 18:31:06 2022
STEP4; Annotating SNP, 27/50 jobs done: Fri Aug  5 18:31:06 2022
STEP4; Annotating SNP, 28/50 jobs done: Fri Aug  5 18:31:06 2022
STEP4; Annotating SNP, 29/50 jobs done: Fri Aug  5 18:31:06 2022
STEP4; Annotating SNP, 30/50 jobs done: Fri Aug  5 18:31:06 2022
STEP4; Annotating SNP, 31/50 jobs done: Fri Aug  5 18:31:06 2022
STEP4; Annotating SNP, 32/50 jobs done: Fri Aug  5 18:31:06 2022
STEP4; Annotating SNP, 33/50 jobs done: Fri Aug  5 18:31:06 2022
STEP4; Annotating SNP, 34/50 jobs done: Fri Aug  5 18:31:06 2022
STEP4; Annotating SNP, 35/50 jobs done: Fri Aug  5 18:31:06 2022
STEP4; Annotating SNP, 36/50 jobs done: Fri Aug  5 18:31:06 2022
STEP4; Annotating SNP, 37/50 jobs done: Fri Aug  5 18:31:06 2022
STEP4; Annotating SNP, 38/50 jobs done: Fri Aug  5 18:31:06 2022
STEP4; Annotating SNP, 39/50 jobs done: Fri Aug  5 18:31:06 2022
STEP4; Annotating SNP, 40/50 jobs done: Fri Aug  5 18:31:06 2022
STEP4; Annotating SNP, 41/50 jobs done: Fri Aug  5 18:31:06 2022
STEP4; Annotating SNP, 42/50 jobs done: Fri Aug  5 18:31:06 2022
STEP4; Annotating SNP, 43/50 jobs done: Fri Aug  5 18:31:06 2022
STEP4; Annotating SNP, 44/50 jobs done: Fri Aug  5 18:31:06 2022
STEP4; Annotating SNP, 45/50 jobs done: Fri Aug  5 18:31:06 2022
STEP4; Annotating SNP, 46/50 jobs done: Fri Aug  5 18:31:06 2022
STEP4; Annotating SNP, 47/50 jobs done: Fri Aug  5 18:31:06 2022
STEP4; Annotating SNP, 48/50 jobs done: Fri Aug  5 18:31:06 2022
STEP4; Annotating SNP, 49/50 jobs done: Fri Aug  5 18:31:06 2022
STEP4; Annotating SNP, 50/50 jobs done: Fri Aug  5 18:31:06 2022
STEP4; Annotate 213925 SNPs done! Fri Aug  5 18:31:06 2022
STEP4; RESULT annt_size:  209646
STEP4; RESULT inp_size:  213925
STEP5; Make output file, snp_info.annt.tsv: Fri Aug  5 18:31:06 2022
Traceback (most recent call last):
  File "v4_PLINK-snp_annotator.py", line 582, in <module>
    for i in plink:
KeyError: 'Chr1:11493:G:A'
Unknown option: -n
usage: python3 [option] ... [-c cmd | -m mod | file | -] [arg] ...
Try `python -h' for more information.

    ##### SNP annotator ####
  
    SNP list as PLINK output (-plink) or SNP-named VCF (-vcf) as INPUT  
    GFF3 file (-gff) and Genome fasta file (-ref)
    are mendotory inputs for this program

    This runs with -input      snp_info.txt
                   -ref        TAIR9_chr_all.fa
                   -gff        TAIR9_GFF3_genes.gff
                   -out        snp_info.annt.tsv
                   -t          60
                   -vcf_mode   False 
                   -snp_mode   True

    
STEP1; Parsing GFF data, done: Sat Aug  6 20:54:22 2022
STEP1; GFF 7 CHRs parsed like below ....
Chr1	Chr2	Chr3	Chr4	Chr5	ChrC
STEP2; Loading genome data, done: Sat Aug  6 20:54:22 2022
STEP2; GENOME 7 CHRs parsed like below ....
Chr1	Chr2	Chr3	Chr4	Chr5	ChrC
STEP3; Load PLINK|VCF input file, parse for 60 CPU(s) usage
STEP3; Turn on the custom SNP-list reading mode
Traceback (most recent call last):
  File "v4_PLINK-snp_annotator.py", line 521, in <module>
    i = "Chr" + i[0] if not i.startswith("Chr") else i
AttributeError: 'list' object has no attribute 'startswith'

    ##### SNP annotator ####
  
    SNP list as PLINK output (-plink) or SNP-named VCF (-vcf) as INPUT  
    GFF3 file (-gff) and Genome fasta file (-ref)
    are mendotory inputs for this program

    This runs with -input      snp_info.txt
                   -ref        TAIR9_chr_all.fa
                   -gff        TAIR9_GFF3_genes.gff
                   -out        snp_info.annt.tsv
                   -t          60
                   -vcf_mode   False 
                   -snp_mode   True

    
STEP1; Parsing GFF data, done: Sat Aug  6 20:55:42 2022
STEP1; GFF 7 CHRs parsed like below ....
Chr1	Chr2	Chr3	Chr4	Chr5	ChrC
STEP2; Loading genome data, done: Sat Aug  6 20:55:43 2022
STEP2; GENOME 7 CHRs parsed like below ....
Chr1	Chr2	Chr3	Chr4	Chr5	ChrC
STEP3; Load PLINK|VCF input file, parse for 60 CPU(s) usage
STEP3; Turn on the custom SNP-list reading mode
STEP3; parsing PLINK|VCF input file, 213925 SNPs, done: Sat Aug  6 20:55:47 2022
STEP3; VCF 5 CHRs parsed like below ...
Chr1	Chr2	Chr3	Chr4	Chr5
STEP4; Annotating SNP, started: Sat Aug  6 20:55:50 2022
[Error!] codon indexing result is fault!
AGG G != C
Process Process-57:
Traceback (most recent call last):
  File "/home/junesk9/anaconda3/lib/python3.8/multiprocessing/process.py", line 315, in _bootstrap
    self.run()
  File "/home/junesk9/anaconda3/lib/python3.8/multiprocessing/process.py", line 108, in run
    self._target(*self._args, **self._kwargs)
  File "v4_PLINK-snp_annotator.py", line 303, in annt_SNP
    out.close()  ## emergency out
AttributeError: 'str' object has no attribute 'close'

    ##### SNP annotator ####
  
    SNP list as PLINK output (-plink) or SNP-named VCF (-vcf) as INPUT  
    GFF3 file (-gff) and Genome fasta file (-ref)
    are mendotory inputs for this program

    This runs with -input      NB220.trait.gt.v3.vcf
                   -ref        TAIR9_chr_all.fa
                   -gff        TAIR9_GFF3_genes.gff
                   -out        NB220.trait.gt.v3.annt.tsv
                   -t          60
                   -vcf_mode   True 
                   -snp_mode   False

    
STEP1; Parsing GFF data, done: Sat Aug  6 21:35:20 2022
STEP1; GFF 7 CHRs parsed like below ....
Chr1	Chr2	Chr3	Chr4	Chr5	ChrC
STEP2; Loading genome data, done: Sat Aug  6 21:35:21 2022
STEP2; GENOME 7 CHRs parsed like below ....
Chr1	Chr2	Chr3	Chr4	Chr5	ChrC
STEP3; Load PLINK|VCF input file, parse for 60 CPU(s) usage
STEP3; Turn on the VCF reading mode
STEP3; parsing PLINK|VCF input file, 213925 SNPs, done: Sat Aug  6 21:35:31 2022
STEP3; VCF 5 CHRs parsed like below ...
Chr1	Chr2	Chr3	Chr4	Chr5
STEP4; Annotating SNP, started: Sat Aug  6 21:35:40 2022
STEP4; Annotating SNP, 2/60 jobs done: Sat Aug  6 21:56:07 2022
STEP4; Annotating SNP, 3/60 jobs done: Sat Aug  6 21:56:07 2022
STEP4; Annotating SNP, 4/60 jobs done: Sat Aug  6 21:56:07 2022
STEP4; Annotating SNP, 5/60 jobs done: Sat Aug  6 21:56:07 2022
STEP4; Annotating SNP, 6/60 jobs done: Sat Aug  6 21:56:21 2022
STEP4; Annotating SNP, 7/60 jobs done: Sat Aug  6 21:56:21 2022
STEP4; Annotating SNP, 8/60 jobs done: Sat Aug  6 21:56:21 2022
STEP4; Annotating SNP, 9/60 jobs done: Sat Aug  6 21:56:21 2022
STEP4; Annotating SNP, 10/60 jobs done: Sat Aug  6 21:56:21 2022
STEP4; Annotating SNP, 11/60 jobs done: Sat Aug  6 21:56:21 2022
STEP4; Annotating SNP, 12/60 jobs done: Sat Aug  6 21:56:21 2022
STEP4; Annotating SNP, 13/60 jobs done: Sat Aug  6 21:56:21 2022
STEP4; Annotating SNP, 14/60 jobs done: Sat Aug  6 21:56:21 2022
STEP4; Annotating SNP, 15/60 jobs done: Sat Aug  6 21:56:21 2022
STEP4; Annotating SNP, 16/60 jobs done: Sat Aug  6 21:56:21 2022
STEP4; Annotating SNP, 17/60 jobs done: Sat Aug  6 21:56:21 2022
STEP4; Annotating SNP, 18/60 jobs done: Sat Aug  6 21:56:21 2022
STEP4; Annotating SNP, 19/60 jobs done: Sat Aug  6 21:56:21 2022
STEP4; Annotating SNP, 20/60 jobs done: Sat Aug  6 21:56:21 2022
STEP4; Annotating SNP, 21/60 jobs done: Sat Aug  6 21:56:21 2022
STEP4; Annotating SNP, 22/60 jobs done: Sat Aug  6 21:56:21 2022
STEP4; Annotating SNP, 23/60 jobs done: Sat Aug  6 21:56:21 2022
STEP4; Annotating SNP, 24/60 jobs done: Sat Aug  6 21:56:21 2022
STEP4; Annotating SNP, 25/60 jobs done: Sat Aug  6 21:56:21 2022
STEP4; Annotating SNP, 26/60 jobs done: Sat Aug  6 21:56:21 2022
STEP4; Annotating SNP, 27/60 jobs done: Sat Aug  6 21:56:21 2022
STEP4; Annotating SNP, 28/60 jobs done: Sat Aug  6 21:56:21 2022
STEP4; Annotating SNP, 29/60 jobs done: Sat Aug  6 21:56:21 2022
STEP4; Annotating SNP, 30/60 jobs done: Sat Aug  6 21:56:21 2022
STEP4; Annotating SNP, 31/60 jobs done: Sat Aug  6 21:56:21 2022
STEP4; Annotating SNP, 32/60 jobs done: Sat Aug  6 21:56:21 2022
STEP4; Annotating SNP, 33/60 jobs done: Sat Aug  6 21:56:21 2022
STEP4; Annotating SNP, 34/60 jobs done: Sat Aug  6 21:56:21 2022
STEP4; Annotating SNP, 35/60 jobs done: Sat Aug  6 21:56:21 2022
STEP4; Annotating SNP, 36/60 jobs done: Sat Aug  6 21:56:21 2022
STEP4; Annotating SNP, 37/60 jobs done: Sat Aug  6 21:56:21 2022
STEP4; Annotating SNP, 38/60 jobs done: Sat Aug  6 21:56:21 2022
STEP4; Annotating SNP, 39/60 jobs done: Sat Aug  6 21:56:21 2022
STEP4; Annotating SNP, 40/60 jobs done: Sat Aug  6 21:56:21 2022
STEP4; Annotating SNP, 41/60 jobs done: Sat Aug  6 21:56:21 2022
STEP4; Annotating SNP, 42/60 jobs done: Sat Aug  6 21:56:21 2022
STEP4; Annotating SNP, 43/60 jobs done: Sat Aug  6 21:56:21 2022
STEP4; Annotating SNP, 44/60 jobs done: Sat Aug  6 21:56:21 2022
STEP4; Annotating SNP, 45/60 jobs done: Sat Aug  6 21:56:21 2022
STEP4; Annotating SNP, 46/60 jobs done: Sat Aug  6 21:56:21 2022
STEP4; Annotating SNP, 47/60 jobs done: Sat Aug  6 21:56:21 2022
STEP4; Annotating SNP, 48/60 jobs done: Sat Aug  6 21:56:21 2022
STEP4; Annotating SNP, 49/60 jobs done: Sat Aug  6 21:56:21 2022
STEP4; Annotating SNP, 50/60 jobs done: Sat Aug  6 21:56:21 2022
STEP4; Annotating SNP, 51/60 jobs done: Sat Aug  6 21:56:21 2022
STEP4; Annotating SNP, 52/60 jobs done: Sat Aug  6 21:56:21 2022
STEP4; Annotating SNP, 53/60 jobs done: Sat Aug  6 21:56:21 2022
STEP4; Annotating SNP, 54/60 jobs done: Sat Aug  6 21:56:21 2022
STEP4; Annotating SNP, 55/60 jobs done: Sat Aug  6 21:56:21 2022
STEP4; Annotating SNP, 56/60 jobs done: Sat Aug  6 21:56:21 2022
STEP4; Annotating SNP, 57/60 jobs done: Sat Aug  6 21:56:21 2022
STEP4; Annotating SNP, 58/60 jobs done: Sat Aug  6 21:56:21 2022
STEP4; Annotating SNP, 59/60 jobs done: Sat Aug  6 21:56:21 2022
STEP4; Annotating SNP, 60/60 jobs done: Sat Aug  6 21:56:21 2022
STEP4; Annotate 213925 SNPs done! Sat Aug  6 21:56:21 2022
STEP4; RESULT annt_size:  213925
STEP4; RESULT inp_size:  213925
STEP5; Make output file, NB220.trait.gt.v3.annt.tsv: Sat Aug  6 21:56:21 2022
STEP5; All progresses completed, Sat Aug  6 21:56:22 2022 

